{
  "RSpec": {
    "coverage": {
      "/Users/Mackerson/Desktop/Epicodus/CodeReviews/week13-review/api_build/spec/requests/delete_parks_spec.rb": {
        "lines": [
          1,
          null,
          1,
          1,
          2,
          null,
          null,
          1,
          1,
          1,
          1,
          null,
          null,
          1,
          1,
          null,
          1,
          1,
          1,
          null,
          null
        ]
      },
      "/Users/Mackerson/Desktop/Epicodus/CodeReviews/week13-review/api_build/spec/rails_helper.rb": {
        "lines": [
          null,
          1,
          1,
          1,
          null,
          1,
          1,
          null,
          null,
          null,
          null,
          null,
          null,
          null,
          null,
          null,
          null,
          null,
          null,
          null,
          null,
          null,
          null,
          null,
          null,
          null,
          null,
          1,
          null,
          0,
          0,
          null,
          1,
          null,
          1,
          null,
          null,
          null,
          null,
          1,
          null,
          null,
          null,
          null,
          null,
          null,
          null,
          null,
          null,
          null,
          null,
          null,
          null,
          null,
          null,
          null,
          null,
          1,
          null,
          null,
          1,
          null,
          null,
          null,
          null,
          null,
          1,
          1,
          1,
          1,
          null,
          null
        ]
      },
      "/Users/Mackerson/Desktop/Epicodus/CodeReviews/week13-review/api_build/config/environment.rb": {
        "lines": [
          null,
          1,
          null,
          null,
          1
        ]
      },
      "/Users/Mackerson/Desktop/Epicodus/CodeReviews/week13-review/api_build/config/application.rb": {
        "lines": [
          1,
          null,
          1,
          null,
          1,
          1,
          1,
          1,
          1,
          1,
          1,
          1,
          null,
          null,
          null,
          null,
          null,
          1,
          null,
          1,
          1,
          null,
          1,
          null,
          null,
          null,
          null,
          null,
          null,
          null,
          null,
          null,
          1,
          null,
          null
        ]
      },
      "/Users/Mackerson/Desktop/Epicodus/CodeReviews/week13-review/api_build/config/boot.rb": {
        "lines": [
          1,
          null,
          1,
          1
        ]
      },
      "/Users/Mackerson/Desktop/Epicodus/CodeReviews/week13-review/api_build/config/environments/test.rb": {
        "lines": [
          1,
          null,
          null,
          null,
          null,
          null,
          null,
          1,
          null,
          null,
          null,
          null,
          1,
          null,
          null,
          1,
          1,
          null,
          null,
          null,
          null,
          1,
          1,
          null,
          null,
          1,
          null,
          null,
          1,
          null,
          null,
          1,
          null,
          1,
          null,
          null,
          null,
          null,
          1,
          null,
          null,
          1,
          null,
          null,
          null,
          null
        ]
      },
      "/Users/Mackerson/Desktop/Epicodus/CodeReviews/week13-review/api_build/config/initializers/application_controller_renderer.rb": {
        "lines": [
          null,
          null,
          null,
          null,
          null,
          null,
          null,
          null
        ]
      },
      "/Users/Mackerson/Desktop/Epicodus/CodeReviews/week13-review/api_build/config/initializers/backtrace_silencers.rb": {
        "lines": [
          null,
          null,
          null,
          null,
          null,
          null,
          null
        ]
      },
      "/Users/Mackerson/Desktop/Epicodus/CodeReviews/week13-review/api_build/config/initializers/cors.rb": {
        "lines": [
          null,
          null,
          null,
          null,
          null,
          null,
          null,
          null,
          null,
          null,
          null,
          null,
          null,
          null,
          null,
          null
        ]
      },
      "/Users/Mackerson/Desktop/Epicodus/CodeReviews/week13-review/api_build/config/initializers/filter_parameter_logging.rb": {
        "lines": [
          null,
          null,
          null,
          1
        ]
      },
      "/Users/Mackerson/Desktop/Epicodus/CodeReviews/week13-review/api_build/config/initializers/inflections.rb": {
        "lines": [
          null,
          null,
          null,
          null,
          null,
          null,
          null,
          null,
          null,
          null,
          null,
          null,
          null,
          null,
          null,
          null
        ]
      },
      "/Users/Mackerson/Desktop/Epicodus/CodeReviews/week13-review/api_build/config/initializers/mime_types.rb": {
        "lines": [
          null,
          null,
          null,
          null
        ]
      },
      "/Users/Mackerson/Desktop/Epicodus/CodeReviews/week13-review/api_build/config/initializers/wrap_parameters.rb": {
        "lines": [
          null,
          null,
          null,
          null,
          null,
          null,
          1,
          2,
          null,
          null,
          null,
          null,
          null,
          null
        ]
      },
      "/Users/Mackerson/Desktop/Epicodus/CodeReviews/week13-review/api_build/app/channels/application_cable/channel.rb": {
        "lines": [
          1,
          1,
          null,
          null
        ]
      },
      "/Users/Mackerson/Desktop/Epicodus/CodeReviews/week13-review/api_build/app/channels/application_cable/connection.rb": {
        "lines": [
          1,
          1,
          null,
          null
        ]
      },
      "/Users/Mackerson/Desktop/Epicodus/CodeReviews/week13-review/api_build/app/controllers/application_controller.rb": {
        "lines": [
          1,
          1,
          1,
          2,
          null,
          null,
          1,
          2,
          null,
          null,
          null
        ]
      },
      "/Users/Mackerson/Desktop/Epicodus/CodeReviews/week13-review/api_build/app/controllers/concerns/response.rb": {
        "lines": [
          1,
          1,
          0,
          null,
          null
        ]
      },
      "/Users/Mackerson/Desktop/Epicodus/CodeReviews/week13-review/api_build/app/controllers/parks_controller.rb": {
        "lines": [
          1,
          1,
          2,
          2,
          null,
          null,
          1,
          1,
          1,
          null,
          null,
          1,
          2,
          1,
          null,
          null,
          1,
          2,
          1,
          null,
          null,
          1,
          2,
          2,
          1,
          null,
          null,
          null,
          null,
          null,
          1,
          3,
          2,
          2,
          null,
          null,
          null,
          null,
          null,
          1,
          null,
          1,
          4,
          null,
          null,
          1,
          9,
          null,
          null
        ]
      },
      "/Users/Mackerson/Desktop/Epicodus/CodeReviews/week13-review/api_build/app/jobs/application_job.rb": {
        "lines": [
          1,
          null
        ]
      },
      "/Users/Mackerson/Desktop/Epicodus/CodeReviews/week13-review/api_build/app/mailers/application_mailer.rb": {
        "lines": [
          1,
          1,
          1,
          null
        ]
      },
      "/Users/Mackerson/Desktop/Epicodus/CodeReviews/week13-review/api_build/app/models/application_record.rb": {
        "lines": [
          1,
          1,
          1,
          null
        ]
      },
      "/Users/Mackerson/Desktop/Epicodus/CodeReviews/week13-review/api_build/app/models/park.rb": {
        "lines": [
          1,
          1,
          null,
          1,
          null,
          null,
          null,
          null,
          null,
          null,
          null
        ]
      },
      "/Users/Mackerson/Desktop/Epicodus/CodeReviews/week13-review/api_build/config/routes.rb": {
        "lines": [
          1,
          1,
          1,
          null
        ]
      },
      "/Users/Mackerson/Desktop/Epicodus/CodeReviews/week13-review/api_build/spec/requests/get_parks_spec.rb": {
        "lines": [
          1,
          null,
          1,
          3,
          1,
          1,
          null,
          null,
          1,
          1,
          null,
          null,
          null,
          1,
          1,
          1,
          1,
          null,
          null,
          1,
          1,
          1,
          1,
          null,
          null,
          null,
          null,
          1,
          null,
          null,
          1,
          1,
          1,
          1,
          null,
          null
        ]
      },
      "/Users/Mackerson/Desktop/Epicodus/CodeReviews/week13-review/api_build/spec/requests/patch_parks_spec.rb": {
        "lines": [
          1,
          null,
          1,
          1,
          2,
          null,
          null,
          1,
          1,
          1,
          1,
          null,
          null,
          1,
          1,
          1,
          1,
          null,
          null
        ]
      },
      "/Users/Mackerson/Desktop/Epicodus/CodeReviews/week13-review/api_build/spec/requests/post_parks_spec.rb": {
        "lines": [
          1,
          null,
          1,
          1,
          1,
          null,
          null,
          1,
          1,
          1,
          null,
          null,
          null,
          null,
          1,
          1,
          1,
          null,
          1,
          1,
          null,
          null,
          null
        ]
      }
    },
    "timestamp": 1591990470
  }
}
